#
# A fatal error has been detected by the Java Runtime Environment:
#
#  SIGSEGV (0xb) at pc=0x00007fff63a277f1, pid=1949, tid=4867
#
# JRE version: Java(TM) SE Runtime Environment (8.0_45-b14) (build 1.8.0_45-b14)
# Java VM: Java HotSpot(TM) 64-Bit Server VM (25.45-b02 mixed mode bsd-amd64 compressed oops)
# Problematic frame:
# C  0x00007fff63a277f1
#
# Failed to write core dump. Core dumps have been disabled. To enable core dumping, try "ulimit -c unlimited" before starting Java again
#
# If you would like to submit a bug report, please visit:
#   http://bugreport.java.com/bugreport/crash.jsp
#

---------------  T H R E A D  ---------------

Current thread (0x00007fc4b4801800):  JavaThread "main" [_thread_in_vm, id=4867, stack(0x000000010396a000,0x0000000103a6a000)]

siginfo: si_signo: 11 (SIGSEGV), si_code: 1 (SEGV_MAPERR), si_addr: 0x0000000120238000

Registers:
RAX=0x0000000120238000, RBX=0x0000000103a67ef0, RCX=0x0000000120238028, RDX=0x0000000000001000
RSP=0x0000000103a67dd0, RBP=0x0000000103a67de0, RSI=0x0000000103a67db0, RDI=0x0000000000000707
R8 =0x0000000103a67ea8, R9 =0x0000000103a67f40, R10=0x0000000000000001, R11=0x0000000000000202
R12=0x00007fff63a3d510, R13=0x00000001032aa510, R14=0x00007fff63a2ded8, R15=0x00007fff63a3d510
RIP=0x00007fff63a277f1, EFLAGS=0x0000000000010246, ERR=0x0000000000000006
  TRAPNO=0x000000000000000e

Top of Stack: (sp=0x0000000103a67dd0)
0x0000000103a67dd0:   0000000000000000 0000000120238000
0x0000000103a67de0:   0000000103a67ee0 00007fff63a06607
0x0000000103a67df0:   0000000103a67e20 00007fc4b141ef30
0x0000000103a67e00:   00007fc4b3900ac0 d300fbd2ee449471
0x0000000103a67e10:   0000000103a67ea8 0000000103a67f40
0x0000000103a67e20:   0000000103a67e70 00000001184a3b38
0x0000000103a67e30:   00000001184d0d08 00000001184a3b38
0x0000000103a67e40:   00000001184a3b38 00000001184a3b38
0x0000000103a67e50:   00000007c007dc60 0000000103a68138
0x0000000103a67e60:   00007fc4b4801800 0000000103a67f30
0x0000000103a67e70:   0000000103a67ef0 0000000102db12e5
0x0000000103a67e80:   00000001fffffffe 00007fc4b4801800
0x0000000103a67e90:   0000000000000083 00000001184a3b38
0x0000000103a67ea0:   0000000103a67ee0 00007fff63a13430
0x0000000103a67eb0:   0000000103a67b98 d300fbd2ee449471
0x0000000103a67ec0:   d300fbd2ee449471 0000000103a67ef0
0x0000000103a67ed0:   00007fc4b3900ac0 00007fc4b141ef30
0x0000000103a67ee0:   0000000103a67f70 00007fff63a116f1
0x0000000103a67ef0:   75735f6176614a5f 47435f7477615f6e
0x0000000103a67f00:   4573636968706172 656d6e6f7269766e
0x0000000103a67f10:   69447465675f746e 73444979616c7073
0x0000000103a67f20:   0000000103a67f00 00007fff63a115bd
0x0000000103a67f30:   00007fff7761c110 0000000000000000
0x0000000103a67f40:   00007fc4b141ef30 d300fbd2ee449471
0x0000000103a67f50:   00007fc4b141ef30 0000000000000004
0x0000000103a67f60:   00007fc4b3900ac0 00000001032aa510
0x0000000103a67f70:   0000000103a67fa0 00007fff89cf28f5
0x0000000103a67f80:   0000000000000003 00000001032aa4f8
0x0000000103a67f90:   00007fc4b3900ac0 0000000000000000
0x0000000103a67fa0:   0000000103a68050 0000000102e4bb2d
0x0000000103a67fb0:   0000000103a67ff8 0000000103a68098
0x0000000103a67fc0:   0000000103a68257 0000000202e726cd 

Instructions: (pc=0x00007fff63a277f1)
0x00007fff63a277d1:   f8 ba 00 10 00 00 b9 01 00 00 00 e8 ce 43 00 00
0x00007fff63a277e1:   89 c1 31 c0 85 c9 75 35 48 8b 45 f8 48 8d 48 28
0x00007fff63a277f1:   48 89 08 48 8b 45 f8 48 89 48 08 48 8b 45 f8 48
0x00007fff63a27801:   8d 88 ff 0f 00 00 48 89 48 10 48 8b 45 f8 48 8d 

Register to memory mapping:

RAX=0x0000000120238000 is an unknown value
RBX=0x0000000103a67ef0 is pointing into the stack for thread: 0x00007fc4b4801800
RCX=0x0000000120238028 is an unknown value
RDX=0x0000000000001000 is an unknown value
RSP=0x0000000103a67dd0 is pointing into the stack for thread: 0x00007fc4b4801800
RBP=0x0000000103a67de0 is pointing into the stack for thread: 0x00007fc4b4801800
RSI=0x0000000103a67db0 is pointing into the stack for thread: 0x00007fc4b4801800
RDI=0x0000000000000707 is an unknown value
R8 =0x0000000103a67ea8 is pointing into the stack for thread: 0x00007fc4b4801800
R9 =0x0000000103a67f40 is pointing into the stack for thread: 0x00007fc4b4801800
R10=0x0000000000000001 is an unknown value
R11=0x0000000000000202 is an unknown value
R12=0x00007fff63a3d510 is an unknown value
R13=0x00000001032aa510: _ZTV7nmethod+0x10 in /Library/Java/JavaVirtualMachines/jdk1.8.0_45.jdk/Contents/Home/jre/lib/server/libjvm.dylib at 0x0000000102a00000
R14=0x00007fff63a2ded8 is an unknown value
R15=0x00007fff63a3d510 is an unknown value


Stack: [0x000000010396a000,0x0000000103a6a000],  sp=0x0000000103a67dd0,  free space=1015k
Native frames: (J=compiled Java code, j=interpreted, Vv=VM code, C=native code)
C  0x00007fff63a277f1
C  0x00007fff63a06607
C  0x00007fff63a116f1
C  [libdyld.dylib+0x28f5]  dlsym+0x48
V  [libjvm.dylib+0x44bb2d]  NativeLookup::lookup_style(methodHandle, char*, char const*, int, bool, bool&, Thread*)+0x165
V  [libjvm.dylib+0x44c411]  NativeLookup::lookup_entry(methodHandle, bool&, Thread*)+0x14f
V  [libjvm.dylib+0x44c9ad]  NativeLookup::lookup_base(methodHandle, bool&, Thread*)+0x9b
V  [libjvm.dylib+0x44cb43]  NativeLookup::lookup(methodHandle, bool&, Thread*)+0x7d
V  [libjvm.dylib+0x2d910f]  InterpreterRuntime::prepare_native_call(JavaThread*, Method*)+0xab
j  sun.awt.CGraphicsEnvironment.getDisplayIDs()[I+0
j  sun.awt.CGraphicsEnvironment.initDevices()V+61
j  sun.awt.CGraphicsEnvironment.<init>()V+29
v  ~StubRoutines::call_stub
V  [libjvm.dylib+0x2e032a]  JavaCalls::call_helper(JavaValue*, methodHandle*, JavaCallArguments*, Thread*)+0x6ae
V  [libjvm.dylib+0x4b4146]  Reflection::invoke(instanceKlassHandle, methodHandle, Handle, bool, objArrayHandle, BasicType, objArrayHandle, bool, Thread*)+0xdf8
V  [libjvm.dylib+0x4b4471]  Reflection::invoke_constructor(oopDesc*, objArrayHandle, Thread*)+0x181
V  [libjvm.dylib+0x330329]  JVM_NewInstanceFromConstructor+0x7c
j  sun.reflect.NativeConstructorAccessorImpl.newInstance0(Ljava/lang/reflect/Constructor;[Ljava/lang/Object;)Ljava/lang/Object;+0
j  sun.reflect.NativeConstructorAccessorImpl.newInstance([Ljava/lang/Object;)Ljava/lang/Object;+85
j  sun.reflect.DelegatingConstructorAccessorImpl.newInstance([Ljava/lang/Object;)Ljava/lang/Object;+5
j  java.lang.reflect.Constructor.newInstance([Ljava/lang/Object;)Ljava/lang/Object;+79
j  java.lang.Class.newInstance()Ljava/lang/Object;+138
j  java.awt.GraphicsEnvironment.createGE()Ljava/awt/GraphicsEnvironment;+40
j  java.awt.GraphicsEnvironment.getLocalGraphicsEnvironment()Ljava/awt/GraphicsEnvironment;+6
j  java.awt.Window.initGC(Ljava/awt/GraphicsConfiguration;)Ljava/awt/GraphicsConfiguration;+7
j  java.awt.Window.init(Ljava/awt/GraphicsConfiguration;)V+45
j  java.awt.Window.<init>()V+146
j  java.awt.Frame.<init>(Ljava/lang/String;)V+1
j  javax.swing.JFrame.<init>(Ljava/lang/String;)V+2
j  atmosphere.gui.ConfigurationWindow.main([Ljava/lang/String;)V+6
v  ~StubRoutines::call_stub
V  [libjvm.dylib+0x2e032a]  JavaCalls::call_helper(JavaValue*, methodHandle*, JavaCallArguments*, Thread*)+0x6ae
V  [libjvm.dylib+0x4b4146]  Reflection::invoke(instanceKlassHandle, methodHandle, Handle, bool, objArrayHandle, BasicType, objArrayHandle, bool, Thread*)+0xdf8
V  [libjvm.dylib+0x4b4660]  Reflection::invoke_method(oopDesc*, Handle, objArrayHandle, Thread*)+0x16c
V  [libjvm.dylib+0x330500]  JVM_InvokeMethod+0x166
j  sun.reflect.NativeMethodAccessorImpl.invoke0(Ljava/lang/reflect/Method;Ljava/lang/Object;[Ljava/lang/Object;)Ljava/lang/Object;+0
j  sun.reflect.NativeMethodAccessorImpl.invoke(Ljava/lang/Object;[Ljava/lang/Object;)Ljava/lang/Object;+100
j  sun.reflect.DelegatingMethodAccessorImpl.invoke(Ljava/lang/Object;[Ljava/lang/Object;)Ljava/lang/Object;+6
j  java.lang.reflect.Method.invoke(Ljava/lang/Object;[Ljava/lang/Object;)Ljava/lang/Object;+56
j  com.intellij.rt.execution.application.AppMain.main([Ljava/lang/String;)V+157
v  ~StubRoutines::call_stub
V  [libjvm.dylib+0x2e032a]  JavaCalls::call_helper(JavaValue*, methodHandle*, JavaCallArguments*, Thread*)+0x6ae
V  [libjvm.dylib+0x316a36]  jni_invoke_static(JNIEnv_*, JavaValue*, _jobject*, JNICallType, _jmethodID*, JNI_ArgumentPusher*, Thread*)+0x1bf
V  [libjvm.dylib+0x30f7b0]  jni_CallStaticVoidMethod+0x15d
C  [java+0x39ae]  JavaMain+0x9b1
C  [libsystem_pthread.dylib+0x405a]  _pthread_body+0x83
C  [libsystem_pthread.dylib+0x3fd7]  _pthread_body+0x0
C  [libsystem_pthread.dylib+0x13ed]  thread_start+0xd
C  0x0000000000000000

Java frames: (J=compiled Java code, j=interpreted, Vv=VM code)
j  sun.awt.CGraphicsEnvironment.getDisplayIDs()[I+0
j  sun.awt.CGraphicsEnvironment.initDevices()V+61
j  sun.awt.CGraphicsEnvironment.<init>()V+29
v  ~StubRoutines::call_stub
j  sun.reflect.NativeConstructorAccessorImpl.newInstance0(Ljava/lang/reflect/Constructor;[Ljava/lang/Object;)Ljava/lang/Object;+0
j  sun.reflect.NativeConstructorAccessorImpl.newInstance([Ljava/lang/Object;)Ljava/lang/Object;+85
j  sun.reflect.DelegatingConstructorAccessorImpl.newInstance([Ljava/lang/Object;)Ljava/lang/Object;+5
j  java.lang.reflect.Constructor.newInstance([Ljava/lang/Object;)Ljava/lang/Object;+79
j  java.lang.Class.newInstance()Ljava/lang/Object;+138
j  java.awt.GraphicsEnvironment.createGE()Ljava/awt/GraphicsEnvironment;+40
j  java.awt.GraphicsEnvironment.getLocalGraphicsEnvironment()Ljava/awt/GraphicsEnvironment;+6
j  java.awt.Window.initGC(Ljava/awt/GraphicsConfiguration;)Ljava/awt/GraphicsConfiguration;+7
j  java.awt.Window.init(Ljava/awt/GraphicsConfiguration;)V+45
j  java.awt.Window.<init>()V+146
j  java.awt.Frame.<init>(Ljava/lang/String;)V+1
j  javax.swing.JFrame.<init>(Ljava/lang/String;)V+2
j  atmosphere.gui.ConfigurationWindow.main([Ljava/lang/String;)V+6
v  ~StubRoutines::call_stub
j  sun.reflect.NativeMethodAccessorImpl.invoke0(Ljava/lang/reflect/Method;Ljava/lang/Object;[Ljava/lang/Object;)Ljava/lang/Object;+0
j  sun.reflect.NativeMethodAccessorImpl.invoke(Ljava/lang/Object;[Ljava/lang/Object;)Ljava/lang/Object;+100
j  sun.reflect.DelegatingMethodAccessorImpl.invoke(Ljava/lang/Object;[Ljava/lang/Object;)Ljava/lang/Object;+6
j  java.lang.reflect.Method.invoke(Ljava/lang/Object;[Ljava/lang/Object;)Ljava/lang/Object;+56
j  com.intellij.rt.execution.application.AppMain.main([Ljava/lang/String;)V+157
v  ~StubRoutines::call_stub

---------------  P R O C E S S  ---------------

Java Threads: ( => current thread )
  0x00007fc4b502b800 JavaThread "Java2D Disposer" daemon [_thread_blocked, id=56835, stack(0x00000001228ef000,0x00000001229ef000)]
  0x00007fc4b1870000 JavaThread "Java2D Queue Flusher" daemon [_thread_blocked, id=53007, stack(0x0000000121667000,0x0000000121767000)]
  0x00007fc4b4106000 JavaThread "AWT-Shutdown" [_thread_blocked, id=31763, stack(0x000000011e6ad000,0x000000011e7ad000)]
  0x00007fc4b5013000 JavaThread "AWT-AppKit" daemon [_thread_in_native, id=1299, stack(0x00007fff5dba4000,0x00007fff5e3a4000)]
  0x00007fc4b3076000 JavaThread "Monitor Ctrl-Break" daemon [_thread_in_native, id=21763, stack(0x000000011ccd6000,0x000000011cdd6000)]
  0x00007fc4b4015800 JavaThread "Service Thread" daemon [_thread_blocked, id=20739, stack(0x000000011c96d000,0x000000011ca6d000)]
  0x00007fc4b5804000 JavaThread "C1 CompilerThread3" daemon [_thread_blocked, id=20227, stack(0x000000011c86a000,0x000000011c96a000)]
  0x00007fc4b5803800 JavaThread "C2 CompilerThread2" daemon [_thread_blocked, id=19715, stack(0x000000011c767000,0x000000011c867000)]
  0x00007fc4b5802800 JavaThread "C2 CompilerThread1" daemon [_thread_blocked, id=19203, stack(0x000000011c664000,0x000000011c764000)]
  0x00007fc4b5801000 JavaThread "C2 CompilerThread0" daemon [_thread_blocked, id=18691, stack(0x000000011c561000,0x000000011c661000)]
  0x00007fc4b5800000 JavaThread "Signal Dispatcher" daemon [_thread_blocked, id=15379, stack(0x000000011c45e000,0x000000011c55e000)]
  0x00007fc4b3033000 JavaThread "Finalizer" daemon [_thread_blocked, id=13571, stack(0x000000011aa45000,0x000000011ab45000)]
  0x00007fc4b3032000 JavaThread "Reference Handler" daemon [_thread_blocked, id=13059, stack(0x000000011a942000,0x000000011aa42000)]
=>0x00007fc4b4801800 JavaThread "main" [_thread_in_vm, id=4867, stack(0x000000010396a000,0x0000000103a6a000)]

Other Threads:
  0x00007fc4b1822800 VMThread [stack: 0x000000011a83f000,0x000000011a93f000] [id=12547]
  0x00007fc4b5837000 WatcherThread [stack: 0x000000011ca70000,0x000000011cb70000] [id=21251]

VM state:not at safepoint (normal execution)

VM Mutex/Monitor currently owned by a thread: None

Heap:
 PSYoungGen      total 38400K, used 6657K [0x0000000795580000, 0x0000000798000000, 0x00000007c0000000)
  eden space 33280K, 20% used [0x0000000795580000,0x0000000795c006b0,0x0000000797600000)
  from space 5120K, 0% used [0x0000000797b00000,0x0000000797b00000,0x0000000798000000)
  to   space 5120K, 0% used [0x0000000797600000,0x0000000797600000,0x0000000797b00000)
 ParOldGen       total 87552K, used 0K [0x0000000740000000, 0x0000000745580000, 0x0000000795580000)
  object space 87552K, 0% used [0x0000000740000000,0x0000000740000000,0x0000000745580000)
 Metaspace       used 6250K, capacity 6390K, committed 6528K, reserved 1056768K
  class space    used 731K, capacity 788K, committed 896K, reserved 1048576K

Card table byte_map: [0x0000000112e2c000,0x000000011322d000] byte_map_base: 0x000000010f42c000

Marking Bits: (ParMarkBitMap*) 0x00000001032c27a0
 Begin Bits: [0x0000000113cf0000, 0x0000000115cf0000)
 End Bits:   [0x0000000115cf0000, 0x0000000117cf0000)

Polling page: 0x00000001019b5000

CodeCache: size=245760Kb used=1642Kb max_used=1642Kb free=244118Kb
 bounds [0x0000000103a6c000, 0x0000000103cdc000, 0x0000000112a6c000]
 total_blobs=656 nmethods=282 adapters=288
 compilation: enabled

Compilation events (10 events):
Event: 0.356 Thread 0x00007fc4b5804000 nmethod 273 0x0000000103bfeb10 code [0x0000000103bfeca0, 0x0000000103bff390]
Event: 0.360 Thread 0x00007fc4b5804000  274       3       java.lang.invoke.MemberName::getReferenceKind (12 bytes)
Event: 0.360 Thread 0x00007fc4b5804000 nmethod 274 0x0000000103bffe50 code [0x0000000103bfffa0, 0x0000000103c000f0]
Event: 0.360 Thread 0x00007fc4b5804000  275       3       jdk.internal.org.objectweb.asm.ByteVector::<init> (13 bytes)
Event: 0.361 Thread 0x00007fc4b5804000 nmethod 275 0x0000000103c00150 code [0x0000000103c002c0, 0x0000000103c00510]
Event: 0.361 Thread 0x00007fc4b5804000  276       3       jdk.internal.org.objectweb.asm.ByteVector::putInt (74 bytes)
Event: 0.361 Thread 0x00007fc4b5804000 nmethod 276 0x0000000103c00950 code [0x0000000103c00ac0, 0x0000000103c00d48]
Event: 0.361 Thread 0x00007fc4b5804000  277       3       jdk.internal.org.objectweb.asm.ByteVector::putByteArray (49 bytes)
Event: 0.361 Thread 0x00007fc4b5804000 nmethod 277 0x0000000103c00ed0 code [0x0000000103c01060, 0x0000000103c01398]
Event: 0.365 Thread 0x00007fc4b5804000  280       3       sun.invoke.util.VerifyAccess::isSamePackage (114 bytes)

GC Heap History (0 events):
No events

Deoptimization events (1 events):
Event: 0.107 Thread 0x00007fc4b4801800 Uncommon trap: reason=unstable_if action=reinterpret pc=0x0000000103b91f2c method=java.lang.String.hashCode()I @ 14

Internal exceptions (10 events):
Event: 0.099 Thread 0x00007fc4b4801800 Exception <a 'java/security/PrivilegedActionException'> (0x00000007957c3510) thrown at [/Users/java_re/workspace/8-2-build-macosx-x86_64/jdk8u45/3457/hotspot/src/share/vm/prims/jvm.cpp, line 1382]
Event: 0.099 Thread 0x00007fc4b4801800 Exception <a 'java/security/PrivilegedActionException'> (0x00000007957c36c8) thrown at [/Users/java_re/workspace/8-2-build-macosx-x86_64/jdk8u45/3457/hotspot/src/share/vm/prims/jvm.cpp, line 1382]
Event: 0.125 Thread 0x00007fc4b4801800 Exception <a 'java/security/PrivilegedActionException'> (0x00000007958d2900) thrown at [/Users/java_re/workspace/8-2-build-macosx-x86_64/jdk8u45/3457/hotspot/src/share/vm/prims/jvm.cpp, line 1382]
Event: 0.125 Thread 0x00007fc4b4801800 Exception <a 'java/security/PrivilegedActionException'> (0x00000007958d2ab8) thrown at [/Users/java_re/workspace/8-2-build-macosx-x86_64/jdk8u45/3457/hotspot/src/share/vm/prims/jvm.cpp, line 1382]
Event: 0.125 Thread 0x00007fc4b4801800 Exception <a 'java/security/PrivilegedActionException'> (0x00000007958d5e38) thrown at [/Users/java_re/workspace/8-2-build-macosx-x86_64/jdk8u45/3457/hotspot/src/share/vm/prims/jvm.cpp, line 1382]
Event: 0.125 Thread 0x00007fc4b4801800 Exception <a 'java/security/PrivilegedActionException'> (0x00000007958d5ff0) thrown at [/Users/java_re/workspace/8-2-build-macosx-x86_64/jdk8u45/3457/hotspot/src/share/vm/prims/jvm.cpp, line 1382]
Event: 0.249 Thread 0x00007fc4b4801800 Exception <a 'java/io/FileNotFoundException'> (0x00000007958db1c8) thrown at [/Users/java_re/workspace/8-2-build-macosx-x86_64/jdk8u45/3457/hotspot/src/share/vm/prims/jni.cpp, line 709]
Event: 0.249 Thread 0x00007fc4b4801800 Exception <a 'java/io/FileNotFoundException'> (0x00000007958dbce8) thrown at [/Users/java_re/workspace/8-2-build-macosx-x86_64/jdk8u45/3457/hotspot/src/share/vm/prims/jni.cpp, line 709]
Event: 0.303 Thread 0x00007fc4b4801800 Exception <a 'java/lang/NoSuchFieldError': method resolution failed> (0x0000000795a66628) thrown at [/Users/java_re/workspace/8-2-build-macosx-x86_64/jdk8u45/3457/hotspot/src/share/vm/prims/methodHandles.cpp, line 1125]
Event: 0.305 Thread 0x00007fc4b4801800 Exception <a 'java/lang/NoSuchFieldError': method resolution failed> (0x0000000795a75078) thrown at [/Users/java_re/workspace/8-2-build-macosx-x86_64/jdk8u45/3457/hotspot/src/share/vm/prims/methodHandles.cpp, line 1125]

Events (10 events):
Event: 0.364 loading class sun/java2d/DisposerRecord
Event: 0.364 loading class sun/java2d/DisposerRecord done
Event: 0.364 loading class sun/java2d/opengl/CGLGraphicsConfig$CGLGCDisposerRecord done
Event: 0.364 loading class sun/java2d/Disposer
Event: 0.364 loading class sun/java2d/Disposer done
Event: 0.364 loading class sun/java2d/Disposer$1
Event: 0.364 loading class sun/java2d/Disposer$1 done
Event: 0.365 loading class java/lang/invoke/InnerClassLambdaMetafactory$1
Event: 0.365 loading class java/lang/invoke/InnerClassLambdaMetafactory$1 done
Event: 0.367 Thread 0x00007fc4b502b800 Thread added: 0x00007fc4b502b800


Dynamic libraries:
0x0000000006d8a000 	/System/Library/Frameworks/Cocoa.framework/Versions/A/Cocoa
0x0000000006d8a000 	/System/Library/Frameworks/Security.framework/Versions/A/Security
0x0000000006d8a000 	/System/Library/Frameworks/ApplicationServices.framework/Versions/A/ApplicationServices
0x0000000006d8a000 	/usr/lib/libz.1.dylib
0x0000000006d8a000 	/usr/lib/libSystem.B.dylib
0x0000000006d8a000 	/usr/lib/libobjc.A.dylib
0x0000000006d8a000 	/System/Library/Frameworks/CoreFoundation.framework/Versions/A/CoreFoundation
0x0000000006d8a000 	/System/Library/Frameworks/Foundation.framework/Versions/C/Foundation
0x0000000006d8a000 	/System/Library/Frameworks/AppKit.framework/Versions/C/AppKit
0x0000000006d8a000 	/System/Library/Frameworks/CoreData.framework/Versions/A/CoreData
0x0000000006d8a000 	/System/Library/PrivateFrameworks/RemoteViewServices.framework/Versions/A/RemoteViewServices
0x0000000006d8a000 	/System/Library/PrivateFrameworks/UIFoundation.framework/Versions/A/UIFoundation
0x0000000006d8a000 	/System/Library/Frameworks/IOSurface.framework/Versions/A/IOSurface
0x0000000006d8a000 	/System/Library/Frameworks/AudioToolbox.framework/Versions/A/AudioToolbox
0x0000000006d8a000 	/System/Library/Frameworks/AudioUnit.framework/Versions/A/AudioUnit
0x0000000006d8a000 	/System/Library/PrivateFrameworks/DataDetectorsCore.framework/Versions/A/DataDetectorsCore
0x0000000006d8a000 	/System/Library/PrivateFrameworks/DesktopServicesPriv.framework/Versions/A/DesktopServicesPriv
0x0000000006d8a000 	/System/Library/Frameworks/Carbon.framework/Versions/A/Frameworks/HIToolbox.framework/Versions/A/HIToolbox
0x0000000006d8a000 	/System/Library/Frameworks/QuartzCore.framework/Versions/A/QuartzCore
0x0000000006d8a000 	/System/Library/Frameworks/Carbon.framework/Versions/A/Frameworks/SpeechRecognition.framework/Versions/A/SpeechRecognition
0x0000000006d8a000 	/usr/lib/libauto.dylib
0x0000000006d8a000 	/usr/lib/libicucore.A.dylib
0x0000000006d8a000 	/usr/lib/libxml2.2.dylib
0x0000000006d8a000 	/System/Library/PrivateFrameworks/CoreUI.framework/Versions/A/CoreUI
0x0000000006d8a000 	/System/Library/Frameworks/CoreAudio.framework/Versions/A/CoreAudio
0x0000000006d8a000 	/System/Library/Frameworks/DiskArbitration.framework/Versions/A/DiskArbitration
0x0000000006d8a000 	/usr/lib/liblangid.dylib
0x0000000006d8a000 	/System/Library/PrivateFrameworks/MultitouchSupport.framework/Versions/A/MultitouchSupport
0x0000000006d8a000 	/System/Library/Frameworks/IOKit.framework/Versions/A/IOKit
0x0000000006d8a000 	/usr/lib/libDiagnosticMessagesClient.dylib
0x0000000006d8a000 	/System/Library/Frameworks/CoreServices.framework/Versions/A/CoreServices
0x0000000006d8a000 	/System/Library/PrivateFrameworks/PerformanceAnalysis.framework/Versions/A/PerformanceAnalysis
0x0000000006d8a000 	/System/Library/PrivateFrameworks/GenerationalStorage.framework/Versions/A/GenerationalStorage
0x0000000006d8a000 	/System/Library/Frameworks/OpenGL.framework/Versions/A/OpenGL
0x0000000006d8a000 	/System/Library/PrivateFrameworks/Sharing.framework/Versions/A/Sharing
0x0000000006d8a000 	/System/Library/Frameworks/CoreGraphics.framework/Versions/A/CoreGraphics
0x0000000006d8a000 	/System/Library/Frameworks/CoreText.framework/Versions/A/CoreText
0x0000000006d8a000 	/System/Library/Frameworks/ImageIO.framework/Versions/A/ImageIO
0x0000000006d8a000 	/usr/lib/libextension.dylib
0x0000000006d8a000 	/System/Library/PrivateFrameworks/Backup.framework/Versions/A/Backup
0x0000000006d8a000 	/usr/lib/libarchive.2.dylib
0x0000000006d8a000 	/System/Library/Frameworks/CFNetwork.framework/Versions/A/CFNetwork
0x0000000006d8a000 	/System/Library/Frameworks/SystemConfiguration.framework/Versions/A/SystemConfiguration
0x0000000006d8a000 	/usr/lib/libCRFSuite.dylib
0x0000000006d8a000 	/usr/lib/libc++.1.dylib
0x0000000006d8a000 	/usr/lib/libc++abi.dylib
0x0000000006d8a000 	/usr/lib/system/libcache.dylib
0x0000000006d8a000 	/usr/lib/system/libcommonCrypto.dylib
0x0000000006d8a000 	/usr/lib/system/libcompiler_rt.dylib
0x0000000006d8a000 	/usr/lib/system/libcopyfile.dylib
0x0000000006d8a000 	/usr/lib/system/libcorecrypto.dylib
0x0000000006d8a000 	/usr/lib/system/libdispatch.dylib
0x0000000006d8a000 	/usr/lib/system/libdyld.dylib
0x0000000006d8a000 	/usr/lib/system/libkeymgr.dylib
0x0000000006d8a000 	/usr/lib/system/liblaunch.dylib
0x0000000006d8a000 	/usr/lib/system/libmacho.dylib
0x0000000006d8a000 	/usr/lib/system/libquarantine.dylib
0x0000000006d8a000 	/usr/lib/system/libremovefile.dylib
0x0000000006d8a000 	/usr/lib/system/libsystem_asl.dylib
0x0000000006d8a000 	/usr/lib/system/libsystem_blocks.dylib
0x0000000006d8a000 	/usr/lib/system/libsystem_c.dylib
0x0000000006d8a000 	/usr/lib/system/libsystem_configuration.dylib
0x0000000006d8a000 	/usr/lib/system/libsystem_coreservices.dylib
0x0000000006d8a000 	/usr/lib/system/libsystem_coretls.dylib
0x0000000006d8a000 	/usr/lib/system/libsystem_dnssd.dylib
0x0000000006d8a000 	/usr/lib/system/libsystem_info.dylib
0x0000000006d8a000 	/usr/lib/system/libsystem_kernel.dylib
0x0000000006d8a000 	/usr/lib/system/libsystem_m.dylib
0x0000000006d8a000 	/usr/lib/system/libsystem_malloc.dylib
0x0000000006d8a000 	/usr/lib/system/libsystem_network.dylib
0x0000000006d8a000 	/usr/lib/system/libsystem_networkextension.dylib
0x0000000006d8a000 	/usr/lib/system/libsystem_notify.dylib
0x0000000006d8a000 	/usr/lib/system/libsystem_platform.dylib
0x0000000006d8a000 	/usr/lib/system/libsystem_pthread.dylib
0x0000000006d8a000 	/usr/lib/system/libsystem_sandbox.dylib
0x0000000006d8a000 	/usr/lib/system/libsystem_secinit.dylib
0x0000000006d8a000 	/usr/lib/system/libsystem_stats.dylib
0x0000000006d8a000 	/usr/lib/system/libsystem_trace.dylib
0x0000000006d8a000 	/usr/lib/system/libunc.dylib
0x0000000006d8a000 	/usr/lib/system/libunwind.dylib
0x0000000006d8a000 	/usr/lib/system/libxpc.dylib
0x0000000006d8a000 	/usr/lib/libbz2.1.0.dylib
0x0000000006d8a000 	/usr/lib/liblzma.5.dylib
0x0000000006d8a000 	/usr/lib/libbsm.0.dylib
0x0000000006d8a000 	/usr/lib/libsqlite3.dylib
0x0000000006d8a000 	/usr/lib/system/libkxld.dylib
0x0000000006d8a000 	/usr/lib/libxar.1.dylib
0x0000000006d8a000 	/usr/lib/libpam.2.dylib
0x0000000006d8a000 	/usr/lib/libOpenScriptingUtil.dylib
0x0000000006d8a000 	/System/Library/Frameworks/CoreServices.framework/Versions/A/Frameworks/FSEvents.framework/Versions/A/FSEvents
0x0000000006d8a000 	/System/Library/Frameworks/CoreServices.framework/Versions/A/Frameworks/CarbonCore.framework/Versions/A/CarbonCore
0x0000000006d8a000 	/System/Library/Frameworks/CoreServices.framework/Versions/A/Frameworks/Metadata.framework/Versions/A/Metadata
0x0000000006d8a000 	/System/Library/Frameworks/CoreServices.framework/Versions/A/Frameworks/OSServices.framework/Versions/A/OSServices
0x0000000006d8a000 	/System/Library/Frameworks/CoreServices.framework/Versions/A/Frameworks/SearchKit.framework/Versions/A/SearchKit
0x0000000006d8a000 	/System/Library/Frameworks/CoreServices.framework/Versions/A/Frameworks/AE.framework/Versions/A/AE
0x0000000006d8a000 	/System/Library/Frameworks/CoreServices.framework/Versions/A/Frameworks/LaunchServices.framework/Versions/A/LaunchServices
0x0000000006d8a000 	/System/Library/Frameworks/CoreServices.framework/Versions/A/Frameworks/DictionaryServices.framework/Versions/A/DictionaryServices
0x0000000006d8a000 	/System/Library/Frameworks/NetFS.framework/Versions/A/NetFS
0x0000000006d8a000 	/System/Library/PrivateFrameworks/NetAuth.framework/Versions/A/NetAuth
0x0000000006d8a000 	/System/Library/PrivateFrameworks/login.framework/Versions/A/Frameworks/loginsupport.framework/Versions/A/loginsupport
0x0000000006d8a000 	/System/Library/PrivateFrameworks/TCC.framework/Versions/A/TCC
0x0000000006d8a000 	/usr/lib/libmecabra.dylib
0x0000000006d8a000 	/System/Library/Frameworks/ApplicationServices.framework/Versions/A/Frameworks/ATS.framework/Versions/A/ATS
0x0000000006d8a000 	/System/Library/Frameworks/ApplicationServices.framework/Versions/A/Frameworks/ColorSync.framework/Versions/A/ColorSync
0x0000000006d8a000 	/System/Library/Frameworks/ApplicationServices.framework/Versions/A/Frameworks/HIServices.framework/Versions/A/HIServices
0x0000000006d8a000 	/System/Library/Frameworks/ApplicationServices.framework/Versions/A/Frameworks/LangAnalysis.framework/Versions/A/LangAnalysis
0x0000000006d8a000 	/System/Library/Frameworks/ApplicationServices.framework/Versions/A/Frameworks/PrintCore.framework/Versions/A/PrintCore
0x0000000006d8a000 	/System/Library/Frameworks/ApplicationServices.framework/Versions/A/Frameworks/QD.framework/Versions/A/QD
0x0000000006d8a000 	/System/Library/Frameworks/ApplicationServices.framework/Versions/A/Frameworks/SpeechSynthesis.framework/Versions/A/SpeechSynthesis
0x0000000006d8a000 	/System/Library/Frameworks/Accelerate.framework/Versions/A/Accelerate
0x0000000006d8a000 	/System/Library/Frameworks/Accelerate.framework/Versions/A/Frameworks/vImage.framework/Versions/A/vImage
0x0000000006d8a000 	/System/Library/Frameworks/Accelerate.framework/Versions/A/Frameworks/vecLib.framework/Versions/A/vecLib
0x0000000006d8a000 	/System/Library/Frameworks/Accelerate.framework/Versions/A/Frameworks/vecLib.framework/Versions/A/libvDSP.dylib
0x0000000006d8a000 	/System/Library/Frameworks/Accelerate.framework/Versions/A/Frameworks/vecLib.framework/Versions/A/libvMisc.dylib
0x0000000006d8a000 	/System/Library/Frameworks/Accelerate.framework/Versions/A/Frameworks/vecLib.framework/Versions/A/libLAPACK.dylib
0x0000000006d8a000 	/System/Library/Frameworks/Accelerate.framework/Versions/A/Frameworks/vecLib.framework/Versions/A/libBLAS.dylib
0x0000000006d8a000 	/System/Library/Frameworks/Accelerate.framework/Versions/A/Frameworks/vecLib.framework/Versions/A/libLinearAlgebra.dylib
0x0000000006d8a000 	/System/Library/Frameworks/ApplicationServices.framework/Versions/A/Frameworks/ATS.framework/Versions/A/Resources/libFontParser.dylib
0x0000000006d8a000 	/System/Library/Frameworks/ApplicationServices.framework/Versions/A/Frameworks/ATS.framework/Versions/A/Resources/libFontRegistry.dylib
0x0000000006d8a000 	/System/Library/PrivateFrameworks/AppleVPA.framework/Versions/A/AppleVPA
0x0000000006d8a000 	/System/Library/PrivateFrameworks/AppleJPEG.framework/Versions/A/AppleJPEG
0x0000000006d8a000 	/System/Library/Frameworks/ImageIO.framework/Versions/A/Resources/libJPEG.dylib
0x0000000006d8a000 	/System/Library/Frameworks/ImageIO.framework/Versions/A/Resources/libTIFF.dylib
0x0000000006d8a000 	/System/Library/Frameworks/ImageIO.framework/Versions/A/Resources/libPng.dylib
0x0000000006d8a000 	/System/Library/Frameworks/ImageIO.framework/Versions/A/Resources/libGIF.dylib
0x0000000006d8a000 	/System/Library/Frameworks/ImageIO.framework/Versions/A/Resources/libJP2.dylib
0x0000000006d8a000 	/System/Library/Frameworks/ImageIO.framework/Versions/A/Resources/libRadiance.dylib
0x0000000006d8a000 	/System/Library/Frameworks/CoreVideo.framework/Versions/A/CoreVideo
0x0000000006d8a000 	/System/Library/Frameworks/OpenGL.framework/Versions/A/Libraries/libGLU.dylib
0x0000000006d8a000 	/System/Library/Frameworks/OpenGL.framework/Versions/A/Libraries/libGFXShared.dylib
0x0000000006d8a000 	/System/Library/Frameworks/OpenGL.framework/Versions/A/Libraries/libGL.dylib
0x0000000006d8a000 	/System/Library/Frameworks/OpenGL.framework/Versions/A/Libraries/libGLImage.dylib
0x0000000006d8a000 	/System/Library/Frameworks/OpenGL.framework/Versions/A/Libraries/libCVMSPluginSupport.dylib
0x0000000006d8a000 	/System/Library/Frameworks/OpenGL.framework/Versions/A/Libraries/libCoreVMClient.dylib
0x0000000006d8a000 	/usr/lib/libcups.2.dylib
0x0000000006d8a000 	/System/Library/Frameworks/Kerberos.framework/Versions/A/Kerberos
0x0000000006d8a000 	/System/Library/Frameworks/GSS.framework/Versions/A/GSS
0x0000000006d8a000 	/usr/lib/libresolv.9.dylib
0x0000000006d8a000 	/usr/lib/libiconv.2.dylib
0x0000000006d8a000 	/System/Library/PrivateFrameworks/Heimdal.framework/Versions/A/Heimdal
0x0000000006d8a000 	/usr/lib/libheimdal-asn1.dylib
0x0000000006d8a000 	/System/Library/Frameworks/OpenDirectory.framework/Versions/A/OpenDirectory
0x0000000006d8a000 	/System/Library/PrivateFrameworks/CommonAuth.framework/Versions/A/CommonAuth
0x0000000006d8a000 	/System/Library/Frameworks/OpenDirectory.framework/Versions/A/Frameworks/CFOpenDirectory.framework/Versions/A/CFOpenDirectory
0x0000000006d8a000 	/System/Library/Frameworks/SecurityFoundation.framework/Versions/A/SecurityFoundation
0x0000000006d8a000 	/System/Library/PrivateFrameworks/LanguageModeling.framework/Versions/A/LanguageModeling
0x0000000006d8a000 	/usr/lib/libcmph.dylib
0x0000000006d8a000 	/System/Library/Frameworks/ServiceManagement.framework/Versions/A/ServiceManagement
0x0000000006d8a000 	/usr/lib/libxslt.1.dylib
0x0000000006d8a000 	/System/Library/Frameworks/Carbon.framework/Versions/A/Frameworks/Ink.framework/Versions/A/Ink
0x0000000006d8a000 	/System/Library/Frameworks/QuartzCore.framework/Versions/A/Frameworks/CoreImage.framework/Versions/A/CoreImage
0x0000000006d8a000 	/System/Library/PrivateFrameworks/CrashReporterSupport.framework/Versions/A/CrashReporterSupport
0x0000000006d8a000 	/System/Library/Frameworks/OpenCL.framework/Versions/A/OpenCL
0x0000000006d8a000 	/System/Library/PrivateFrameworks/FaceCore.framework/Versions/A/FaceCore
0x0000000006d8a000 	/System/Library/PrivateFrameworks/Ubiquity.framework/Versions/A/Ubiquity
0x0000000006d8a000 	/System/Library/PrivateFrameworks/IconServices.framework/Versions/A/IconServices
0x0000000006d8a000 	/System/Library/PrivateFrameworks/ChunkingLibrary.framework/Versions/A/ChunkingLibrary
0x0000000006d8a000 	/System/Library/PrivateFrameworks/Apple80211.framework/Versions/A/Apple80211
0x0000000006d8a000 	/System/Library/Frameworks/CoreWLAN.framework/Versions/A/CoreWLAN
0x0000000006d8a000 	/System/Library/Frameworks/IOBluetooth.framework/Versions/A/IOBluetooth
0x0000000006d8a000 	/System/Library/PrivateFrameworks/CoreWiFi.framework/Versions/A/CoreWiFi
0x0000000006d8a000 	/System/Library/Frameworks/CoreBluetooth.framework/Versions/A/CoreBluetooth
0x0000000006d8a000 	/System/Library/PrivateFrameworks/DebugSymbols.framework/Versions/A/DebugSymbols
0x0000000006d8a000 	/System/Library/PrivateFrameworks/CoreSymbolication.framework/Versions/A/CoreSymbolication
0x0000000006d8a000 	/System/Library/PrivateFrameworks/Symbolication.framework/Versions/A/Symbolication
0x0000000006d8a000 	/System/Library/PrivateFrameworks/SpeechRecognitionCore.framework/Versions/A/SpeechRecognitionCore
0x0000000102a00000 	/Library/Java/JavaVirtualMachines/jdk1.8.0_45.jdk/Contents/Home/jre/lib/server/libjvm.dylib
0x0000000006d8a000 	/usr/lib/libstdc++.6.dylib
0x0000000101972000 	/Library/Java/JavaVirtualMachines/jdk1.8.0_45.jdk/Contents/Home/jre/lib/libverify.dylib
0x0000000101980000 	/Library/Java/JavaVirtualMachines/jdk1.8.0_45.jdk/Contents/Home/jre/lib/libjava.dylib
0x00000001019bf000 	/Library/Java/JavaVirtualMachines/jdk1.8.0_45.jdk/Contents/Home/jre/lib/libzip.dylib
0x000000011ab47000 	/System/Library/Frameworks/JavaVM.framework/Frameworks/JavaRuntimeSupport.framework/JavaRuntimeSupport
0x000000011ab62000 	/System/Library/Frameworks/JavaVM.framework/Versions/A/Frameworks/JavaNativeFoundation.framework/Versions/A/JavaNativeFoundation
0x00000001019f1000 	/System/Library/Frameworks/JavaVM.framework/Versions/A/JavaVM
0x0000000006d8a000 	/System/Library/Frameworks/Carbon.framework/Versions/A/Carbon
0x000000011ab77000 	/System/Library/PrivateFrameworks/JavaLaunching.framework/Versions/A/JavaLaunching
0x0000000006d8a000 	/System/Library/Frameworks/Carbon.framework/Versions/A/Frameworks/CommonPanels.framework/Versions/A/CommonPanels
0x0000000006d8a000 	/System/Library/Frameworks/Carbon.framework/Versions/A/Frameworks/Help.framework/Versions/A/Help
0x0000000006d8a000 	/System/Library/Frameworks/Carbon.framework/Versions/A/Frameworks/ImageCapture.framework/Versions/A/ImageCapture
0x0000000006d8a000 	/System/Library/Frameworks/Carbon.framework/Versions/A/Frameworks/OpenScripting.framework/Versions/A/OpenScripting
0x0000000006d8a000 	/System/Library/Frameworks/Carbon.framework/Versions/A/Frameworks/Print.framework/Versions/A/Print
0x0000000006d8a000 	/System/Library/Frameworks/Carbon.framework/Versions/A/Frameworks/SecurityHI.framework/Versions/A/SecurityHI
0x000000011ccd2000 	/Applications/IntelliJ IDEA 14.app/Contents/bin/libbreakgen64.jnilib
0x000000011cdd8000 	/Library/Java/JavaVirtualMachines/jdk1.8.0_45.jdk/Contents/Home/jre/lib/libnet.dylib
0x000000011ce37000 	/Library/Java/JavaVirtualMachines/jdk1.8.0_45.jdk/Contents/Home/jre/lib/libawt.dylib
0x000000011cedf000 	/Library/Java/JavaVirtualMachines/jdk1.8.0_45.jdk/Contents/Home/jre/lib/./libmlib_image.dylib
0x000000011cfab000 	/Library/Java/JavaVirtualMachines/jdk1.8.0_45.jdk/Contents/Home/jre/lib/libawt_lwawt.dylib
0x000000011d05f000 	/Library/Java/JavaVirtualMachines/jdk1.8.0_45.jdk/Contents/Home/jre/lib/./libosxapp.dylib
0x0000000006d8a000 	/System/Library/Frameworks/ExceptionHandling.framework/Versions/A/ExceptionHandling
0x0000000006d8a000 	/System/Library/PrivateFrameworks/CoreServicesInternal.framework/Versions/A/CoreServicesInternal
0x0000000006d8a000 	/System/Library/PrivateFrameworks/CloudDocs.framework/Versions/A/CloudDocs
0x0000000006d8a000 	/System/Library/PrivateFrameworks/CoreDuet.framework/Versions/A/CoreDuet
0x0000000006d8a000 	/System/Library/Frameworks/CloudKit.framework/Versions/A/CloudKit
0x0000000006d8a000 	/System/Library/PrivateFrameworks/ProtocolBuffer.framework/Versions/A/ProtocolBuffer
0x0000000006d8a000 	/System/Library/PrivateFrameworks/CoreDuetDaemonProtocol.framework/Versions/A/CoreDuetDaemonProtocol
0x0000000006d8a000 	/System/Library/PrivateFrameworks/CoreDuetDebugLogging.framework/Versions/A/CoreDuetDebugLogging
0x0000000006d8a000 	/System/Library/PrivateFrameworks/MMCS.framework/Versions/A/MMCS
0x0000000006d8a000 	/System/Library/Frameworks/CoreLocation.framework/Versions/A/CoreLocation
0x0000000006d8a000 	/System/Library/PrivateFrameworks/ProtectedCloudStorage.framework/Versions/A/ProtectedCloudStorage
0x0000000006d8a000 	/System/Library/PrivateFrameworks/GeoServices.framework/Versions/A/GeoServices
0x000000011e69d000 	/System/Library/Frameworks/CoreGraphics.framework/Versions/A/Resources/libCGCMS.A.dylib
0x000000011f480000 	/System/Library/Frameworks/CoreGraphics.framework/Versions/A/Resources/libRIP.A.dylib
0x000000011f7c8000 	/System/Library/Frameworks/CoreGraphics.framework/Versions/A/Resources/libCGXType.A.dylib
0x0000000006d8a000 	/System/Library/Frameworks/OpenCL.framework/Versions/A/Libraries/libcldcpuengine.dylib
0x0000000006d8a000 	/System/Library/PrivateFrameworks/DiskImages.framework/Versions/A/DiskImages
0x0000000006d8a000 	/System/Library/Frameworks/DiscRecording.framework/Versions/A/DiscRecording
0x0000000006d8a000 	/usr/lib/libcsfde.dylib
0x0000000006d8a000 	/usr/lib/libcurl.4.dylib
0x0000000006d8a000 	/System/Library/PrivateFrameworks/MediaKit.framework/Versions/A/MediaKit
0x0000000006d8a000 	/usr/lib/libCoreStorage.dylib
0x0000000006d8a000 	/System/Library/PrivateFrameworks/EFILogin.framework/Versions/A/EFILogin
0x0000000006d8a000 	/usr/lib/libutil.dylib
0x0000000006d8a000 	/System/Library/PrivateFrameworks/FindMyDevice.framework/Versions/A/FindMyDevice
0x0000000006d8a000 	/System/Library/Frameworks/LDAP.framework/Versions/A/LDAP
0x0000000006d8a000 	/usr/lib/libsasl2.2.dylib
0x0000000006d8a000 	/System/Library/PrivateFrameworks/CoreDaemon.framework/Versions/B/CoreDaemon
0x0000000006d8a000 	/usr/lib/libcrypto.0.9.8.dylib
0x0000000006d8a000 	/System/Library/PrivateFrameworks/AppleSRP.framework/Versions/A/AppleSRP
0x0000000006d8a000 	/System/Library/PrivateFrameworks/TrustEvaluationAgent.framework/Versions/A/TrustEvaluationAgent
0x000000012023c000 	cl_kernels
0x000000012023e000 	/System/Library/Frameworks/OpenCL.framework/Versions/A/Libraries/ImageFormats/unorm8_bgra.dylib
0x000000012022e000 	cl_kernels
0x0000000006d8a000 	/System/Library/PrivateFrameworks/FamilyControls.framework/Versions/A/FamilyControls
0x0000000006d8a000 	/System/Library/PrivateFrameworks/CommerceKit.framework/Versions/A/Frameworks/CommerceCore.framework/Versions/A/CommerceCore
0x0000000006d8a000 	/System/Library/PrivateFrameworks/SystemAdministration.framework/Versions/A/SystemAdministration
0x0000000006d8a000 	/System/Library/PrivateFrameworks/AppContainer.framework/Versions/A/AppContainer
0x0000000006d8a000 	/System/Library/PrivateFrameworks/SecCodeWrapper.framework/Versions/A/SecCodeWrapper
0x0000000006d8a000 	/System/Library/Frameworks/DirectoryService.framework/Versions/A/DirectoryService
0x0000000006d8a000 	/System/Library/PrivateFrameworks/LoginUIKit.framework/Versions/A/Frameworks/LoginUICore.framework/Versions/A/LoginUICore
0x0000000006d8a000 	/usr/lib/libodfde.dylib
0x0000000121769000 	/System/Library/Frameworks/OpenGL.framework/Resources/GLEngine.bundle/GLEngine
0x0000000006d8a000 	/System/Library/Frameworks/OpenGL.framework/Versions/A/Libraries/libGLProgrammability.dylib
0x0000000121954000 	/System/Library/Extensions/AppleIntelHD5000GraphicsGLDriver.bundle/Contents/MacOS/AppleIntelHD5000GraphicsGLDriver
0x0000000006d8a000 	/System/Library/PrivateFrameworks/IOAccelerator.framework/Versions/A/IOAccelerator
0x0000000006d8a000 	/System/Library/PrivateFrameworks/GPUSupport.framework/Versions/A/Libraries/libGPUSupportMercury.dylib
0x000000012203b000 	/System/Library/Frameworks/OpenGL.framework/Resources//GLRendererFloat.bundle/GLRendererFloat

VM Arguments:
jvm_args: -Didea.launcher.port=7533 -Didea.launcher.bin.path=/Applications/IntelliJ IDEA 14.app/Contents/bin -Dfile.encoding=UTF-8 
java_command: com.intellij.rt.execution.application.AppMain atmosphere.gui.ConfigurationWindow
java_class_path (initial): /Library/Java/JavaVirtualMachines/jdk1.8.0_45.jdk/Contents/Home/lib/ant-javafx.jar:/Library/Java/JavaVirtualMachines/jdk1.8.0_45.jdk/Contents/Home/lib/dt.jar:/Library/Java/JavaVirtualMachines/jdk1.8.0_45.jdk/Contents/Home/lib/javafx-mx.jar:/Library/Java/JavaVirtualMachines/jdk1.8.0_45.jdk/Contents/Home/lib/jconsole.jar:/Library/Java/JavaVirtualMachines/jdk1.8.0_45.jdk/Contents/Home/lib/packager.jar:/Library/Java/JavaVirtualMachines/jdk1.8.0_45.jdk/Contents/Home/lib/sa-jdi.jar:/Library/Java/JavaVirtualMachines/jdk1.8.0_45.jdk/Contents/Home/lib/tools.jar:/Library/Java/JavaVirtualMachines/jdk1.8.0_45.jdk/Contents/Home/jre/lib/charsets.jar:/Library/Java/JavaVirtualMachines/jdk1.8.0_45.jdk/Contents/Home/jre/lib/deploy.jar:/Library/Java/JavaVirtualMachines/jdk1.8.0_45.jdk/Contents/Home/jre/lib/javaws.jar:/Library/Java/JavaVirtualMachines/jdk1.8.0_45.jdk/Contents/Home/jre/lib/jce.jar:/Library/Java/JavaVirtualMachines/jdk1.8.0_45.jdk/Contents/Home/jre/lib/jfr.jar:/Library/Java/JavaVirtualMachines/jdk1.8.0_45.jdk/Contents/Home/jre/lib/jfxswt.jar:/Library/Java/JavaVirtualMachines/jdk1.8.0_45.jdk/Contents/Home/jre/lib/jsse.jar:/Library/Java/JavaVirtualMachines/jdk1.8.0_45.jdk/Contents/Home/jre/lib/management-agent.jar:/Library/Java/JavaVirtualMachines/jdk1.8.0_45.jdk/Contents/Home/jre/lib/plugin.jar:/Library/Java/JavaVirtualMachines/jdk1.8.0_45.jdk/Contents/Home/jre/lib/resources.jar:/Library/Java/JavaVirtualMachines/jdk1.8.0_45.jdk/Contents/Home/jre/lib/rt.jar:/Library/Java/JavaVirtualMachines/jdk1.8.0_45.jdk/Contents/Home/jre/lib/ext/cldrdata.jar:/Library/Java/JavaVirtualMachines/jdk1.8.0_45.jdk/Contents/Home/jre/lib/ext/dnsns.jar:/Library/Java/JavaVirtualMachines/jdk1.8.0_45.jdk/Contents/Home/jre/lib/ext/jfxrt.jar:/Library/Java/JavaVirtualMachines/jdk1.8.0_45.jdk/Contents/Home/jre/lib/ext/localedata.jar:/Library/Java/JavaVirtualMachines/jdk1.8.0_45.jdk/Contents/Home/jre/lib/ext/nashorn.jar:/Library/Java/JavaVirtualMachines/jdk1.8.0_45.jdk/Conten
Launcher Type: SUN_STANDARD

Environment Variables:
PATH=/Users/Oscar/.rvm/gems/ruby-2.2.1/bin:/Users/Oscar/.rvm/gems/ruby-2.2.1@global/bin:/Users/Oscar/.rvm/rubies/ruby-2.2.1/bin:/usr/local/bin:/usr/bin:/bin:/usr/sbin:/sbin:/opt/X11/bin:/Users/Oscar/.rvm/bin
SHELL=/bin/bash
DISPLAY=/private/tmp/com.apple.launchd.xoIThsaHNw/org.macosforge.xquartz:0

Signal Handlers:
SIGSEGV: [libjvm.dylib+0x58ef95], sa_mask[0]=11111111011111110111111111111111, sa_flags=SA_ONSTACK|SA_RESTART|SA_SIGINFO
SIGBUS: [libjvm.dylib+0x58ef95], sa_mask[0]=11111111011111110111111111111111, sa_flags=SA_RESTART|SA_SIGINFO
SIGFPE: [libjvm.dylib+0x46c108], sa_mask[0]=11111111011111110111111111111111, sa_flags=SA_RESTART|SA_SIGINFO
SIGPIPE: [libjvm.dylib+0x46c108], sa_mask[0]=11111111011111110111111111111111, sa_flags=SA_RESTART|SA_SIGINFO
SIGXFSZ: [libjvm.dylib+0x46c108], sa_mask[0]=11111111011111110111111111111111, sa_flags=SA_RESTART|SA_SIGINFO
SIGILL: [libjvm.dylib+0x46c108], sa_mask[0]=11111111011111110111111111111111, sa_flags=SA_RESTART|SA_SIGINFO
SIGUSR1: SIG_DFL, sa_mask[0]=00000000000000000000000000000000, sa_flags=none
SIGUSR2: [libjvm.dylib+0x46bc26], sa_mask[0]=00100000000000000000000000000000, sa_flags=SA_RESTART|SA_SIGINFO
SIGHUP: [libjvm.dylib+0x46a1f9], sa_mask[0]=11111111011111110111111111111111, sa_flags=SA_RESTART|SA_SIGINFO
SIGINT: [libjvm.dylib+0x46a1f9], sa_mask[0]=11111111011111110111111111111111, sa_flags=SA_RESTART|SA_SIGINFO
SIGTERM: [libjvm.dylib+0x46a1f9], sa_mask[0]=11111111011111110111111111111111, sa_flags=SA_RESTART|SA_SIGINFO
SIGQUIT: [libjvm.dylib+0x46a1f9], sa_mask[0]=11111111011111110111111111111111, sa_flags=SA_RESTART|SA_SIGINFO


---------------  S Y S T E M  ---------------

OS:Bsduname:Darwin 14.5.0 Darwin Kernel Version 14.5.0: Wed Jul 29 02:26:53 PDT 2015; root:xnu-2782.40.9~1/RELEASE_X86_64 x86_64
rlimit: STACK 8192k, CORE 0k, NPROC 709, NOFILE 10240, AS infinity
load average:3.53 2.91 2.49

CPU:total 8 (4 cores per cpu, 2 threads per core) family 6 model 70 stepping 1, cmov, cx8, fxsr, mmx, sse, sse2, sse3, ssse3, sse4.1, sse4.2, popcnt, avx, avx2, aes, clmul, erms, lzcnt, ht, tsc, tscinvbit, bmi1, bmi2

Memory: 4k page, physical 8388608k(1122304k free)

/proc/meminfo:


vm_info: Java HotSpot(TM) 64-Bit Server VM (25.45-b02) for bsd-amd64 JRE (1.8.0_45-b14), built on Apr 10 2015 10:46:38 by "java_re" with gcc 4.2.1 (Based on Apple Inc. build 5658) (LLVM build 2336.11.00)

time: Wed Aug 19 20:11:58 2015
elapsed time: 0 seconds (0d 0h 0m 0s)

